Case #1: 20 4 3 2 1 7 6 5 8 11 10 9 17 16 15 14 13 12 19 18
Case #2: IMPOSSIBLE
Case #3: 1 3 6 7 8 2 9 4 10 5 11 13 14 15 12 16 17 18 19 20
Case #4: 2 1
Case #5: 1 6 11 2 12 3 4 5 7 8 9 10 13 14 16 15 18 17 19 20
Case #6: 1
Case #7: IMPOSSIBLE
Case #8: 1
Case #9: 1 2 3
Case #10: IMPOSSIBLE
Case #11: 7 5 4 10 2 13 14 16 15 12 8 1 6 9 11 3 17 18 19 20
Case #12: 1 2 3 4 5
Case #13: 1 2 3 4 5 6 7 8 9 10 11 12 13 14 15
Case #14: 2 5 1 6 7 3 4 8 10 11 12 14 15 9 16 17 18 13 19 20
Case #15: 1 3 8 11 2 4 5 6 7 9 10 13 12 14 15
Case #16: 2 1 3 4 5 6 7 8 9 10 11 12 13 15 16 14 17 18 19 20
Case #17: IMPOSSIBLE
Case #18: 2 1 4 3
Case #19: 3 1 4 7 9 2 5 6 10 8
Case #20: 1 2 7 8 9 10 11 12 13 14 15 16 3 17 4 18 5 19 6
Case #21: 1 2 3 4 5
Case #22: 1 2 3 4 5 6 7 8 9 10
Case #23: 1 2 3 4 5 6 7 9 8
Case #24: IMPOSSIBLE
Case #25: IMPOSSIBLE
