XXXXXXXXXXXXXXXXXXXXXXXX
XXXXXXXXXXXXXXXXXXXXXXXX
XXXXXXXXXXXXXXXXXXXXXXXX
XXXXXXXXXXXXXXXXXXXXXXXX
XXXXXXXXXXXXXXXXXXXXXXXX
XXXXXXXXXXXXXXXXXXXXXXXX
XXXXXX_XXXXXXX_XXXXXXXXX
XXXXXXXXXXXXXXXXXX_XXXXX
XXXXXXXXXXXXXXXX_XXXXXXX
XXXXXXXXX_XXXXXXXXXXXXXX
XXXXXXXXXXXXXXXXXXXXXXXX
XXXXXXXXXXXXXXXXXXXXXXXX
XXXXXXXXXXXXXXXX_XXXXXXX
XXXXXXXXXXXXXXXXX_XXXXXX
XXXXXXXXXXXXXXXXXXXXXXXX
XXXXXXXXXXXXXXXXXXXXXXXX
XXXXXXXXX__XXXXXXXXXXXXX
XXXXXXXXXXXXXXXXXXXXXXXX
XXXXXXXXXXXXXXXXXXXXXXXX
XXXXXXXX_XXX__XX_XXXXXXX
XXXXXX_XXXXXXXXXXXXXXXXX
XXXXXXXXXXXXXXXXXXXXXXXX
XXXXXXXXXXXXXXXXXXXXXXXX
XXXXXXXXXXXXXXXXXXXXXXXX
XXXXXXXXXXXXXXXXXXXXXXXX
2501 0
  24 6
  9 7
  18 1
    3 8
  16 2
    7 9
  24 2
    14 3
  7 5
    1 13
  24 2
    17 3
      16 6
  24 2
    9 12
      2 19
    13 5
      6 6
  8 13
  24 4
XXXXXXXXXXXXXXXXXXXXXXXX
XXXXXXXXXXXXXXXXXXXXXXXX
XXXXXXXXXXXXXXXXXXXXXXXX
XXXXXXXXXXXXXXXXXXXXXXXX
XXXXXX_XXXXXXXXXXXXXXXXX
XXXXXXXX_XXX__XX_XXXXXXX
XXXXXXXXXXXXXXXXXXXXXXXX
XXXXXXXXXXXXXXXXXXXXXXXX
XXXXXXXXX__XXXXXXXXXXXXX
XXXXXXXXXXXXXXXXXXXXXXXX
XXXXXXXXXXXXXXXXXXXXXXXX
XXXXXXXXXXXXXXXXX_XXXXXX
XXXXXXXXXXXXXXXX_XXXXXXX
XXXXXXXXXXXXXXXXXXXXXXXX
XXXXXXXXXXXXXXXXXXXXXXXX
XXXXXXXXX_XXXXXXXXXXXXXX
XXXXXXXXXXXXXXXX_XXXXXXX
XXXXXXXXXXXXXXXXXX_XXXXX
XXXXXX_XXXXXXX_XXXXXXXXX
XXXXXXXXXXXXXXXXXXXXXXXX
XXXXXXXXXXXXXXXXXXXXXXXX
XXXXXXXXXXXXXXXXXXXXXXXX
XXXXXXXXXXXXXXXXXXXXXXXX
XXXXXXXXXXXXXXXXXXXXXXXX
XXXXXXXXXXXXXXXXXXXXXXXX
2501 0
  24 4
  17 5
  24 2
    3 8
  24 2
    13 5
      7 11
  17 3
    6 6
  24 2
    16 6
  14 3
  7 5
    6 17
  18 1
    16 2
      9 12
        8 13
      6 9
        5 12
          2 18
  24 6
XXXXXXXXXXXXXXXXXXXXXXXXX
XXXXXXXXXXXXXXXXXXXXXXXXX
XXXXXXXXXXXXXXXXXXXXXXXXX
XXXXXXXXXXXXXXXXXXXXXXXXX
XXXXXXXXXXXXXXXXXXXXXXXXX
XXXXXXXXXXXXXXXXXXXXXXXXX
XXXXXX_XXXXXXXXXXXXX_XXXX
XXXXXXXXXXXXXXXXXXXXXXXXX
XXXXXXXXXXXXXXXXXXX_XXXXX
XXXXXXXXX_XXXXXX_XXXXXXXX
XXXXXXXXXXXXXXXX_XXXXXXXX
XXXXXXXXXXXXXXXXXXXXXXXXX
XXXXXXXXXXXXXXXXXXX_XXXXX
XXXXXXXXXXXXXXXXXXX_XXXXX
XXXXXX_XXXXXXXXXXXXXXXXXX
XXXXXXXXXXXXXXXXXXXXXXXXX
XXXXXXXX_XXX_XXXXXX_XXXXX
XXXXXXXXXXXXX_XXXXXXXXXXX
XXXXXXX_XXXXXXXXXXXXXXXXX
XXXXXXXXXXXXXXXXXXXXXXXXX
XXXXXXXXXXXXXXXXXXXXXXXXX
XXXXXXXXXXXXXXXXXXXXXXXXX
XXXXXXXXXXXXXXXXXXXXXXXXX
XXXXXXXXXXXXXXXXXXXXXXXXX
2501 0
  25 6
  25 1
    13 8
  19 2
    12 9
  25 1
    8 3
  19 3
    16 4
      9 7
  25 1
    18 2
  6 6
    3 17
  13 1
    8 3
      1 18
  25 5
XXXXXXXXXXXXXXXXXXXXXXXXX
XXXXXXXXXXXXXXXXXXXXXXXXX
XXXXXXXXXXXXXXXXXXXXXXXXX
XXXXXXXXXXXXXXXXXXXXXXXXX
XXXXXXXXXXXXXXXXXXXXXXXXX
XXXXXXX_XXXXXXXXXXXXXXXXX
XXXXXXXXXXXXX_XXXXXXXXXXX
XXXXXXXX_XXX_XXXXXX_XXXXX
XXXXXXXXXXXXXXXXXXXXXXXXX
XXXXXX_XXXXXXXXXXXXXXXXXX
XXXXXXXXXXXXXXXXXXX_XXXXX
XXXXXXXXXXXXXXXXXXX_XXXXX
XXXXXXXXXXXXXXXXXXXXXXXXX
XXXXXXXXXXXXXXXX_XXXXXXXX
XXXXXXXXX_XXXXXX_XXXXXXXX
XXXXXXXXXXXXXXXXXXX_XXXXX
XXXXXXXXXXXXXXXXXXXXXXXXX
XXXXXX_XXXXXXXXXXXXX_XXXX
XXXXXXXXXXXXXXXXXXXXXXXXX
XXXXXXXXXXXXXXXXXXXXXXXXX
XXXXXXXXXXXXXXXXXXXXXXXXX
XXXXXXXXXXXXXXXXXXXXXXXXX
XXXXXXXXXXXXXXXXXXXXXXXXX
XXXXXXXXXXXXXXXXXXXXXXXXX
2501 0
  25 5
  17 6
  13 1
    5 7
  11 7
  25 1
    8 3
      7 9
  18 2
  25 1
    19 3
      12 5
        6 6
          5 13
  16 4
    9 6
      3 14
  8 3
  25 1
    19 2
      9 7
    5 17
  25 6
Set begin:
8 4
###

Set begin:
16 2
6 3
###

Set begin:
2 1
3 8
###

Set begin:
2 5
1 8
###

3 3
